model-1577426650,1577426671.025,in_sample,0.55,0.2491
model-1577426650,1577426671.069,in_sample,0.55,0.2478
model-1577426650,1577426671.127,in_sample,0.55,0.2468
model-1577427080,1577427094.6,in_sample,0.45,0.2518
model-1577427080,1577427094.659,in_sample,0.55,0.2484
model-1577427080,1577427094.72,in_sample,0.47,0.2556
model-1577427080,1577427094.77,in_sample,0.52,0.2501
model-1577427080,1577427094.818,in_sample,0.5,0.2497
model-1577427080,1577427094.864,in_sample,0.57,0.2469
model-1577427080,1577427094.909,in_sample,0.49,0.2526
model-1577427080,1577427094.954,in_sample,0.54,0.2474
model-1577427080,1577427094.999,in_sample,0.54,0.2467
model-1577427080,1577427095.043,in_sample,0.46,0.2561
model-1577427080,1577427095.087,in_sample,0.51,0.2454
model-1577427080,1577427095.132,in_sample,0.57,0.2486
model-1577427080,1577427095.175,in_sample,0.51,0.248
model-1577427080,1577427095.22,in_sample,0.49,0.2516
model-1577427080,1577427095.264,in_sample,0.47,0.2544
model-1577427080,1577427095.308,in_sample,0.49,0.2491
model-1577427080,1577427095.352,in_sample,0.42,0.2521
model-1577427080,1577427095.396,in_sample,0.64,0.2465
model-1577427080,1577427095.439,in_sample,0.59,0.2466
model-1577427080,1577427095.484,in_sample,0.49,0.2538
model-1577427080,1577427095.528,in_sample,0.49,0.2525
model-1577427080,1577427095.572,in_sample,0.46,0.2567
model-1577427080,1577427095.617,in_sample,0.56,0.247
model-1577427080,1577427095.662,in_sample,0.54,0.2476
model-1577427080,1577427095.705,in_sample,0.48,0.2513
model-1577427080,1577427095.751,in_sample,0.55,0.2478
model-1577427080,1577427095.795,in_sample,0.5,0.2502
model-1577427080,1577427095.838,in_sample,0.4,0.251
model-1577427080,1577427095.883,in_sample,0.53,0.249
model-1577427080,1577427095.927,in_sample,0.55,0.2478
model-1577427080,1577427095.97,in_sample,0.51,0.2487
model-1577427080,1577427096.014,in_sample,0.52,0.2474
model-1577427080,1577427096.059,in_sample,0.55,0.2444
model-1577427080,1577427096.103,in_sample,0.41,0.2575
model-1577427080,1577427096.147,in_sample,0.49,0.2449
model-1577427080,1577427096.192,in_sample,0.53,0.2466
model-1577427080,1577427096.235,in_sample,0.54,0.2412
model-1577427080,1577427096.279,in_sample,0.46,0.2564
model-1577427080,1577427096.323,in_sample,0.54,0.2448
model-1577427080,1577427096.367,in_sample,0.49,0.2479
model-1577427080,1577427096.411,in_sample,0.57,0.2539
model-1577427080,1577427096.456,in_sample,0.53,0.248
model-1577427080,1577427096.499,in_sample,0.55,0.2368
model-1577427080,1577427096.543,in_sample,0.53,0.2467
model-1577427080,1577427096.587,in_sample,0.52,0.2457
model-1577427080,1577427096.631,in_sample,0.46,0.2472
model-1577427080,1577427096.675,in_sample,0.51,0.2468
model-1577427080,1577427096.719,in_sample,0.61,0.2417
model-1577427080,1577427096.763,in_sample,0.57,0.2483
model-1577427080,1577427096.807,in_sample,0.52,0.2499
model-1577427080,1577427096.852,in_sample,0.52,0.2312
model-1577427080,1577427096.895,in_sample,0.5,0.2437
model-1577427080,1577427096.94,in_sample,0.47,0.2521
model-1577427080,1577427096.984,in_sample,0.58,0.2312
model-1577427080,1577427097.028,in_sample,0.52,0.2534
model-1577427080,1577427097.072,in_sample,0.58,0.2501
model-1577427080,1577427097.116,in_sample,0.52,0.2569
model-1577427080,1577427097.159,in_sample,0.63,0.2358
model-1577427080,1577427097.203,in_sample,0.55,0.2541
model-1577427080,1577427097.247,in_sample,0.62,0.2384
model-1577427080,1577427097.291,in_sample,0.53,0.2494
model-1577427080,1577427097.335,in_sample,0.58,0.2459
model-1577427080,1577427097.38,in_sample,0.53,0.2441
model-1577427080,1577427097.423,in_sample,0.62,0.2352
model-1577427080,1577427097.468,in_sample,0.58,0.2451
model-1577427080,1577427097.512,in_sample,0.47,0.2627
model-1577427080,1577427097.555,in_sample,0.49,0.2512
model-1577427080,1577427097.599,in_sample,0.53,0.2484
model-1577427080,1577427097.644,in_sample,0.56,0.2441
model-1577427080,1577427097.687,in_sample,0.62,0.2434
model-1577427080,1577427097.731,in_sample,0.56,0.2387
model-1577427080,1577427097.776,in_sample,0.45,0.2595
model-1577427080,1577427097.819,in_sample,0.53,0.2447
model-1577427080,1577427097.863,in_sample,0.47,0.2479
model-1577427080,1577427097.908,in_sample,0.57,0.2425
model-1577427080,1577427097.951,in_sample,0.57,0.253
model-1577427080,1577427097.996,in_sample,0.53,0.2432
model-1577427080,1577427098.041,in_sample,0.57,0.2508
model-1577427080,1577427098.084,in_sample,0.6,0.2534
model-1577427080,1577427098.129,in_sample,0.64,0.2396
model-1577427080,1577427098.173,in_sample,0.52,0.2485
model-1577427080,1577427098.217,in_sample,0.59,0.247
model-1577427080,1577427098.261,in_sample,0.5,0.2514
model-1577427080,1577427098.306,in_sample,0.52,0.2443
model-1577427080,1577427098.349,in_sample,0.59,0.2439
model-1577427080,1577427098.393,in_sample,0.58,0.248
model-1577427080,1577427098.438,in_sample,0.63,0.2441
model-1577427080,1577427098.481,in_sample,0.59,0.2446
model-1577427080,1577427098.525,in_sample,0.58,0.2429
model-1577427080,1577427098.57,in_sample,0.55,0.2379
model-1577427080,1577427098.614,in_sample,0.63,0.2384
model-1577427080,1577427098.658,in_sample,0.53,0.2495
model-1577427080,1577427098.703,in_sample,0.67,0.2304
model-1577427080,1577427098.746,in_sample,0.6,0.2343
model-1577427080,1577427098.791,in_sample,0.64,0.2349
model-1577427080,1577427098.836,in_sample,0.67,0.2317
model-1577427080,1577427098.88,in_sample,0.6,0.2374
model-1577427080,1577427098.924,in_sample,0.56,0.2309
model-1577427080,1577427098.969,in_sample,0.59,0.2495
model-1577427080,1577427099.012,in_sample,0.61,0.2406
model-1577427080,1577427099.057,in_sample,0.52,0.2554
model-1577427080,1577427099.101,in_sample,0.54,0.2522
model-1577427080,1577427099.145,in_sample,0.51,0.2497
model-1577427080,1577427099.189,in_sample,0.61,0.2377
model-1577427080,1577427099.234,in_sample,0.63,0.2325
model-1577427080,1577427099.278,in_sample,0.59,0.235
model-1577427080,1577427099.322,in_sample,0.56,0.2375
model-1577427080,1577427099.367,in_sample,0.62,0.2288
model-1577427080,1577427099.41,in_sample,0.67,0.2224
model-1577427080,1577427099.455,in_sample,0.66,0.2302
model-1577427080,1577427099.499,in_sample,0.59,0.2433
model-1577427080,1577427099.543,in_sample,0.62,0.2396
model-1577427080,1577427099.587,in_sample,0.63,0.2239
model-1577427080,1577427099.631,in_sample,0.65,0.2377
model-1577427080,1577427099.675,in_sample,0.6,0.2339
model-1577427080,1577427099.72,in_sample,0.62,0.2356
model-1577427080,1577427099.765,in_sample,0.6,0.2492
model-1577427080,1577427099.809,in_sample,0.6,0.2371
model-1577427080,1577427099.853,in_sample,0.63,0.2327
model-1577427080,1577427099.898,in_sample,0.66,0.2285
model-1577427080,1577427099.941,in_sample,0.66,0.2221
model-1577427080,1577427099.985,in_sample,0.67,0.2211
model-1577427080,1577427100.03,in_sample,0.6,0.2375
model-1577427080,1577427100.073,in_sample,0.64,0.2251
model-1577427080,1577427100.117,in_sample,0.55,0.2455
model-1577427080,1577427100.162,in_sample,0.66,0.2208
model-1577427080,1577427100.205,in_sample,0.63,0.2134
model-1577427080,1577427100.25,in_sample,0.57,0.2417
model-1577427080,1577427100.299,in_sample,0.58,0.232
model-1577427080,1577427100.343,in_sample,0.65,0.2217
model-1577427080,1577427100.387,in_sample,0.61,0.2227
model-1577427080,1577427100.432,in_sample,0.64,0.2283
model-1577427080,1577427100.476,in_sample,0.67,0.2082
model-1577427080,1577427100.52,in_sample,0.55,0.2517
model-1577427080,1577427100.565,in_sample,0.6,0.2319
model-1577427080,1577427100.608,in_sample,0.74,0.2003
model-1577427080,1577427100.653,in_sample,0.55,0.2471
model-1577427080,1577427100.698,in_sample,0.62,0.2216
model-1577427080,1577427100.74,in_sample,0.71,0.2166
model-1577427080,1577427100.785,in_sample,0.54,0.2325
model-1577427080,1577427100.83,in_sample,0.56,0.2507
model-1577427080,1577427100.873,in_sample,0.59,0.2404
model-1577427080,1577427100.918,in_sample,0.55,0.2375
model-1577427080,1577427100.962,in_sample,0.59,0.2321
model-1577427080,1577427101.006,in_sample,0.58,0.2387
model-1577427080,1577427101.05,in_sample,0.61,0.2214
model-1577427080,1577427101.094,in_sample,0.54,0.2376
model-1577427080,1577427101.138,in_sample,0.66,0.2251
model-1577427080,1577427101.182,in_sample,0.61,0.2336
model-1577427080,1577427101.227,in_sample,0.65,0.2298
model-1577427080,1577427101.27,in_sample,0.63,0.2362
model-1577427080,1577427101.315,in_sample,0.56,0.241
model-1577427080,1577427101.359,in_sample,0.58,0.2314
model-1577427080,1577427101.403,in_sample,0.63,0.2348
model-1577427080,1577427101.447,in_sample,0.64,0.2297
model-1577427080,1577427101.492,in_sample,0.57,0.2404
model-1577427080,1577427101.535,in_sample,0.61,0.2269
model-1577427080,1577427101.58,in_sample,0.67,0.2202
model-1577427080,1577427101.624,in_sample,0.63,0.2288
model-1577427080,1577427101.668,in_sample,0.67,0.2166
model-1577427080,1577427101.713,in_sample,0.63,0.2311
model-1577427080,1577427101.757,in_sample,0.76,0.1845
model-1577427080,1577427101.801,in_sample,0.6,0.218
model-1577427080,1577427101.845,in_sample,0.68,0.2049
model-1577427080,1577427101.89,in_sample,0.65,0.2144
model-1577427080,1577427101.933,in_sample,0.64,0.2337
model-1577427080,1577427101.978,in_sample,0.6,0.2393
model-1577427080,1577427102.023,in_sample,0.61,0.2255
model-1577427080,1577427102.066,in_sample,0.63,0.2183
model-1577427080,1577427102.111,in_sample,0.59,0.2298
model-1577427080,1577427102.155,in_sample,0.59,0.2513
model-1577427080,1577427102.199,in_sample,0.64,0.2304
model-1577427080,1577427102.244,in_sample,0.57,0.2394
model-1577427080,1577427102.288,in_sample,0.63,0.2327
model-1577427080,1577427102.331,in_sample,0.6,0.2468
model-1577427080,1577427102.376,in_sample,0.64,0.2108
model-1577427080,1577427102.42,in_sample,0.69,0.2221
model-1577427080,1577427102.463,in_sample,0.6,0.2374
model-1577427080,1577427102.507,in_sample,0.62,0.229
model-1577427080,1577427102.552,in_sample,0.65,0.2154
model-1577427080,1577427102.596,in_sample,0.52,0.2541
model-1577427080,1577427102.64,in_sample,0.75,0.2101
model-1577427080,1577427102.685,in_sample,0.7,0.2077
model-1577427080,1577427102.728,in_sample,0.6,0.2458
model-1577427080,1577427102.773,in_sample,0.56,0.2426
model-1577427080,1577427102.818,in_sample,0.62,0.2403
model-1577427080,1577427102.861,in_sample,0.64,0.2119
model-1577427080,1577427102.906,in_sample,0.52,0.2421
model-1577427080,1577427102.95,in_sample,0.62,0.2227
model-1577427080,1577427102.994,in_sample,0.62,0.233
model-1577427080,1577427103.038,in_sample,0.57,0.2399
model-1577427080,1577427103.083,in_sample,0.67,0.2266
model-1577427080,1577427103.126,in_sample,0.55,0.2418
model-1577427080,1577427103.17,in_sample,0.55,0.2394
model-1577427080,1577427103.215,in_sample,0.56,0.2404
model-1577427080,1577427103.259,in_sample,0.63,0.2282
model-1577427080,1577427103.303,in_sample,0.56,0.2408
model-1577427080,1577427103.348,in_sample,0.62,0.2324
model-1577427080,1577427103.391,in_sample,0.58,0.2388
model-1577427080,1577427103.435,in_sample,0.58,0.2341
model-1577427080,1577427103.48,in_sample,0.63,0.2369
model-1577427080,1577427103.523,in_sample,0.58,0.23
model-1577427080,1577427103.568,in_sample,0.65,0.2282
model-1577427080,1577427103.612,in_sample,0.66,0.2189
model-1577427080,1577427103.656,in_sample,0.7,0.2143
model-1577427080,1577427103.701,in_sample,0.63,0.2386
model-1577427080,1577427103.745,in_sample,0.62,0.232
model-1577427080,1577427103.788,in_sample,0.63,0.2267
model-1577427080,1577427103.832,in_sample,0.62,0.2305
model-1577427080,1577427103.878,in_sample,0.65,0.2184
model-1577427080,1577427103.921,in_sample,0.61,0.2323
model-1577427080,1577427103.965,in_sample,0.67,0.2207
model-1577427080,1577427104.01,in_sample,0.62,0.2132
model-1577427080,1577427104.053,in_sample,0.72,0.2024
model-1577427080,1577427104.097,in_sample,0.65,0.2268
model-1577427080,1577427104.142,in_sample,0.66,0.2232
model-1577427080,1577427104.186,in_sample,0.59,0.2281
model-1577427080,1577427104.231,in_sample,0.73,0.1974
model-1577427080,1577427104.276,in_sample,0.66,0.2229
model-1577427080,1577427104.319,in_sample,0.63,0.2212
model-1577427080,1577427104.364,in_sample,0.62,0.2257
model-1577427080,1577427104.409,in_sample,0.57,0.2487
model-1577427080,1577427104.452,in_sample,0.5,0.2707
model-1577427080,1577427104.497,in_sample,0.69,0.2186
model-1577427080,1577427104.536,in_sample,0.65,0.2189
model-1577427080,1577427104.567,in_sample,0.61,0.2404
model-1577427080,1577427104.613,in_sample,0.73,0.2039
model-1577427080,1577427104.661,in_sample,0.62,0.2449
model-1577427080,1577427104.707,in_sample,0.61,0.2452
model-1577427080,1577427104.752,in_sample,0.67,0.2091
model-1577427080,1577427104.796,in_sample,0.58,0.2398
model-1577427080,1577427104.84,in_sample,0.66,0.2164
model-1577427080,1577427104.885,in_sample,0.62,0.2245
model-1577427080,1577427104.928,in_sample,0.69,0.2207
model-1577427080,1577427104.972,in_sample,0.72,0.2238
model-1577427080,1577427105.017,in_sample,0.63,0.2209
model-1577427080,1577427105.06,in_sample,0.63,0.2366
model-1577427080,1577427105.105,in_sample,0.68,0.214
model-1577427080,1577427105.149,in_sample,0.63,0.227
model-1577427080,1577427105.193,in_sample,0.61,0.2248
model-1577427080,1577427105.237,in_sample,0.67,0.2189
model-1577427080,1577427105.281,in_sample,0.63,0.2203
model-1577427080,1577427105.324,in_sample,0.58,0.2357
model-1577427080,1577427105.369,in_sample,0.69,0.2009
model-1577427080,1577427105.414,in_sample,0.52,0.2631
model-1577427080,1577427105.457,in_sample,0.56,0.2525
model-1577427080,1577427105.502,in_sample,0.56,0.2438
model-1577427080,1577427105.546,in_sample,0.65,0.2202
model-1577427080,1577427105.589,in_sample,0.63,0.2267
model-1577427080,1577427105.634,in_sample,0.67,0.2245
model-1577427080,1577427105.678,in_sample,0.64,0.2217
model-1577427080,1577427105.721,in_sample,0.72,0.2054
model-1577427080,1577427105.766,in_sample,0.71,0.2025
model-1577427080,1577427105.811,in_sample,0.65,0.2165
model-1577427080,1577427105.854,in_sample,0.71,0.2003
model-1577427080,1577427105.899,in_sample,0.61,0.22
model-1577427080,1577427105.943,in_sample,0.67,0.2174
model-1577427080,1577427105.987,in_sample,0.62,0.2151
model-1577427080,1577427106.031,in_sample,0.67,0.2213
model-1577427080,1577427106.077,in_sample,0.74,0.1932
model-1577427080,1577427106.12,in_sample,0.68,0.2111
model-1577427080,1577427106.165,in_sample,0.69,0.1998
model-1577427080,1577427106.21,in_sample,0.63,0.2513
model-1577427080,1577427106.254,in_sample,0.64,0.2242
model-1577427080,1577427106.299,in_sample,0.67,0.2216
model-1577427080,1577427106.344,in_sample,0.57,0.2233
model-1577427080,1577427106.387,in_sample,0.72,0.2089
model-1577427080,1577427106.431,in_sample,0.63,0.1989
model-1577427080,1577427106.476,in_sample,0.64,0.2163
model-1577427080,1577427106.519,in_sample,0.67,0.1958
model-1577427080,1577427106.563,in_sample,0.7,0.1963
model-1577427080,1577427106.609,in_sample,0.66,0.227
model-1577427080,1577427106.652,in_sample,0.67,0.2129
model-1577427080,1577427106.696,in_sample,0.67,0.2045
model-1577427080,1577427106.741,in_sample,0.59,0.22
model-1577427080,1577427106.785,in_sample,0.7,0.1971
model-1577427080,1577427106.83,in_sample,0.68,0.213
model-1577427080,1577427106.875,in_sample,0.66,0.2175
model-1577427080,1577427106.918,in_sample,0.73,0.1799
model-1577427080,1577427106.963,in_sample,0.66,0.2005
model-1577427080,1577427107.008,in_sample,0.62,0.2293
model-1577427080,1577427107.051,in_sample,0.63,0.2242
model-1577427080,1577427107.095,in_sample,0.71,0.1938
model-1577427080,1577427107.141,in_sample,0.61,0.2199
model-1577427080,1577427107.184,in_sample,0.72,0.2005
model-1577427080,1577427107.228,in_sample,0.64,0.2209
model-1577427080,1577427107.273,in_sample,0.63,0.2318
model-1577427080,1577427107.316,in_sample,0.75,0.1759
model-1577427080,1577427107.361,in_sample,0.7,0.1829
model-1577427080,1577427107.406,in_sample,0.74,0.1811
model-1577427080,1577427107.449,in_sample,0.59,0.2299
model-1577427080,1577427107.493,in_sample,0.55,0.2305
model-1577427080,1577427107.538,in_sample,0.63,0.2015
model-1577427080,1577427107.582,in_sample,0.61,0.2153
model-1577427080,1577427107.626,in_sample,0.72,0.2047
model-1577427080,1577427107.672,in_sample,0.71,0.2084
model-1577427080,1577427107.715,in_sample,0.7,0.2113
model-1577427080,1577427107.76,in_sample,0.67,0.2225
model-1577427080,1577427107.804,in_sample,0.66,0.2153
model-1577427080,1577427107.848,in_sample,0.61,0.2306
model-1577427080,1577427107.892,in_sample,0.68,0.2198
model-1577427080,1577427107.937,in_sample,0.63,0.2297
model-1577427080,1577427107.98,in_sample,0.63,0.2275
model-1577427080,1577427108.025,in_sample,0.7,0.2031
model-1577427080,1577427108.069,in_sample,0.65,0.1983
model-1577427080,1577427108.113,in_sample,0.57,0.2358
model-1577427080,1577427108.157,in_sample,0.64,0.2291
model-1577427080,1577427108.203,in_sample,0.6,0.247
model-1577427080,1577427108.246,in_sample,0.64,0.2181
model-1577427080,1577427108.291,in_sample,0.64,0.2222
model-1577427080,1577427108.335,in_sample,0.6,0.223
model-1577427080,1577427108.379,in_sample,0.59,0.2352
model-1577427080,1577427108.423,in_sample,0.68,0.2035
model-1577427080,1577427108.468,in_sample,0.71,0.2025
model-1577427080,1577427108.511,in_sample,0.73,0.1853
model-1577427080,1577427108.555,in_sample,0.73,0.1942
model-1577427080,1577427108.6,in_sample,0.69,0.2082
model-1577427080,1577427108.643,in_sample,0.75,0.1894
model-1577427080,1577427108.687,in_sample,0.64,0.211
model-1577427080,1577427108.731,in_sample,0.71,0.1999
model-1577427080,1577427108.775,in_sample,0.74,0.1838
model-1577427080,1577427108.82,in_sample,0.69,0.1946
model-1577427080,1577427108.865,in_sample,0.66,0.1986
model-1577427080,1577427108.908,in_sample,0.74,0.1828
model-1577427080,1577427108.953,in_sample,0.68,0.2069
model-1577427080,1577427108.997,in_sample,0.69,0.1917
model-1577427080,1577427109.041,in_sample,0.67,0.2004
model-1577427080,1577427109.085,in_sample,0.67,0.203
model-1577427080,1577427109.13,in_sample,0.73,0.1886
model-1577427080,1577427109.173,in_sample,0.64,0.219
model-1577427080,1577427109.217,in_sample,0.65,0.2076
model-1577427080,1577427109.262,in_sample,0.68,0.1991
model-1577427080,1577427109.305,in_sample,0.68,0.2189
model-1577427080,1577427109.35,in_sample,0.68,0.2078
model-1577427080,1577427109.395,in_sample,0.71,0.1773
model-1577427080,1577427109.44,in_sample,0.67,0.2185
model-1577427080,1577427109.49,in_sample,0.69,0.1892
model-1577427080,1577427109.537,in_sample,0.74,0.1868
model-1577427080,1577427109.586,in_sample,0.68,0.2037
model-1577427080,1577427109.631,in_sample,0.68,0.2088
model-1577427080,1577427109.676,in_sample,0.69,0.2096
model-1577427080,1577427109.719,in_sample,0.68,0.2063
model-1577427080,1577427109.764,in_sample,0.76,0.176
model-1577427080,1577427109.809,in_sample,0.72,0.1949
model-1577427080,1577427109.853,in_sample,0.65,0.2237
model-1577427080,1577427109.897,in_sample,0.78,0.1646
model-1577427080,1577427109.942,in_sample,0.69,0.1918
model-1577427080,1577427109.986,in_sample,0.63,0.244
model-1577427080,1577427110.03,in_sample,0.79,0.175
model-1577427080,1577427110.075,in_sample,0.61,0.2108
model-1577427080,1577427110.118,in_sample,0.78,0.1732
model-1577427080,1577427110.163,in_sample,0.72,0.1707
model-1577427080,1577427110.208,in_sample,0.61,0.2223
model-1577427080,1577427110.251,in_sample,0.73,0.1763
model-1577427080,1577427110.295,in_sample,0.77,0.1565
model-1577427080,1577427110.341,in_sample,0.75,0.1648
model-1577427080,1577427110.384,in_sample,0.68,0.2008
model-1577427080,1577427110.429,in_sample,0.66,0.1974
model-1577427080,1577427110.473,in_sample,0.61,0.237
model-1577427080,1577427110.517,in_sample,0.68,0.2078
model-1577427080,1577427110.561,in_sample,0.75,0.1687
model-1577427080,1577427110.606,in_sample,0.65,0.2405
model-1577427080,1577427110.649,in_sample,0.72,0.1744
model-1577427080,1577427110.694,in_sample,0.68,0.2045
model-1577427080,1577427110.739,in_sample,0.74,0.1805
model-1577427080,1577427110.782,in_sample,0.62,0.2358
model-1577427080,1577427110.826,in_sample,0.67,0.2029
model-1577427080,1577427110.871,in_sample,0.68,0.2043
model-1577427080,1577427110.915,in_sample,0.7,0.1991
model-1577427080,1577427110.959,in_sample,0.63,0.2048
model-1577427080,1577427111.004,in_sample,0.73,0.1755
model-1577427080,1577427111.048,in_sample,0.63,0.2112
model-1577427080,1577427111.092,in_sample,0.69,0.1889
model-1577427080,1577427111.137,in_sample,0.65,0.2356
model-1577427080,1577427111.18,in_sample,0.6,0.213
model-1577427080,1577427111.225,in_sample,0.7,0.19
model-1577427080,1577427111.27,in_sample,0.77,0.1733
model-1577427080,1577427111.314,in_sample,0.68,0.196
model-1577427080,1577427111.358,in_sample,0.76,0.1769
model-1577427080,1577427111.404,in_sample,0.63,0.2233
model-1577427080,1577427111.447,in_sample,0.71,0.1864
model-1577427080,1577427111.493,in_sample,0.68,0.2168
model-1577427080,1577427111.54,in_sample,0.6,0.2437
model-1577427080,1577427111.586,in_sample,0.68,0.2012
model-1577427080,1577427111.63,in_sample,0.7,0.2022
model-1577427080,1577427111.675,in_sample,0.72,0.1935
model-1577427080,1577427111.718,in_sample,0.79,0.1658
model-1577427080,1577427111.763,in_sample,0.74,0.1876
model-1577427080,1577427111.808,in_sample,0.75,0.1816
model-1577427080,1577427111.851,in_sample,0.79,0.1516
model-1577427080,1577427111.896,in_sample,0.72,0.1794
model-1577427080,1577427111.941,in_sample,0.69,0.2107
model-1577427080,1577427111.985,in_sample,0.64,0.2134
model-1577427080,1577427112.03,in_sample,0.75,0.1748
model-1577427080,1577427112.074,in_sample,0.75,0.1919
model-1577427080,1577427112.118,in_sample,0.66,0.2179
model-1577427080,1577427112.162,in_sample,0.74,0.1872
model-1577427080,1577427112.207,in_sample,0.72,0.1885
model-1577427080,1577427112.25,in_sample,0.76,0.1757
model-1577427080,1577427112.295,in_sample,0.73,0.2023
model-1577427080,1577427112.339,in_sample,0.71,0.1794
model-1577427080,1577427112.383,in_sample,0.69,0.2001
model-1577427080,1577427112.427,in_sample,0.79,0.1687
model-1577427080,1577427112.472,in_sample,0.73,0.1916
model-1577427080,1577427112.515,in_sample,0.79,0.1529
model-1577427080,1577427112.56,in_sample,0.67,0.2016
model-1577427080,1577427112.604,in_sample,0.76,0.1619
model-1577427080,1577427112.648,in_sample,0.73,0.1799
model-1577427080,1577427112.692,in_sample,0.67,0.2041
model-1577427080,1577427112.738,in_sample,0.76,0.1612
model-1577427080,1577427112.781,in_sample,0.77,0.1666
model-1577427080,1577427112.827,in_sample,0.67,0.2034
model-1577427080,1577427112.871,in_sample,0.77,0.1633
model-1577427080,1577427112.914,in_sample,0.69,0.2253
model-1577427080,1577427112.959,in_sample,0.74,0.1792
model-1577427080,1577427113.004,in_sample,0.71,0.1954
model-1577427080,1577427113.047,in_sample,0.71,0.1911
model-1577427080,1577427113.093,in_sample,0.73,0.187
model-1577427080,1577427113.138,in_sample,0.7,0.1966
model-1577427080,1577427113.181,in_sample,0.7,0.1946
model-1577427080,1577427113.227,in_sample,0.75,0.1715
model-1577427080,1577427113.272,in_sample,0.64,0.2144
model-1577427080,1577427113.315,in_sample,0.78,0.1695
model-1577427080,1577427113.361,in_sample,0.66,0.2028
model-1577427080,1577427113.406,in_sample,0.7,0.1736
model-1577427080,1577427113.449,in_sample,0.68,0.1981
model-1577427080,1577427113.495,in_sample,0.61,0.25
model-1577427080,1577427113.54,in_sample,0.76,0.1766
model-1577427080,1577427113.583,in_sample,0.72,0.18
model-1577427080,1577427113.629,in_sample,0.7,0.1857
model-1577427080,1577427113.674,in_sample,0.64,0.2378
model-1577427080,1577427113.717,in_sample,0.69,0.1871
model-1577427080,1577427113.762,in_sample,0.75,0.1752
model-1577427080,1577427113.807,in_sample,0.66,0.2144
model-1577427080,1577427113.851,in_sample,0.74,0.1854
model-1577427080,1577427113.896,in_sample,0.65,0.2427
model-1577427080,1577427113.941,in_sample,0.69,0.1916
model-1577427080,1577427113.985,in_sample,0.64,0.2075
model-1577427080,1577427114.03,in_sample,0.72,0.1754
model-1577427080,1577427114.075,in_sample,0.72,0.1867
model-1577427080,1577427114.118,in_sample,0.72,0.1837
model-1577427080,1577427114.163,in_sample,0.68,0.2026
model-1577427080,1577427114.208,in_sample,0.76,0.1747
model-1577427080,1577427114.252,in_sample,0.74,0.1901
model-1577427080,1577427114.297,in_sample,0.77,0.1694
model-1577427080,1577427114.341,in_sample,0.76,0.1672
model-1577427080,1577427114.385,in_sample,0.73,0.1753
model-1577427080,1577427114.43,in_sample,0.69,0.2164
model-1577427080,1577427114.475,in_sample,0.73,0.1911
model-1577427080,1577427114.511,in_sample,0.65,0.199
model-1577427080,1577427114.546,in_sample,0.67,0.2097
model-1577427080,1577427114.592,in_sample,0.72,0.1778
model-1577427080,1577427114.639,in_sample,0.63,0.2282
model-1577427080,1577427114.684,in_sample,0.69,0.2115
model-1577427080,1577427114.729,in_sample,0.74,0.174
model-1577427080,1577427114.773,in_sample,0.68,0.2162
model-1577427080,1577427114.817,in_sample,0.72,0.1816
model-1577427080,1577427114.862,in_sample,0.66,0.1969
model-1577427080,1577427114.906,in_sample,0.69,0.2125
model-1577427080,1577427114.95,in_sample,0.74,0.1859
model-1577427080,1577427114.995,in_sample,0.72,0.1811
model-1577427080,1577427115.038,in_sample,0.67,0.2088
model-1577427080,1577427115.082,in_sample,0.76,0.1711
model-1577427080,1577427115.127,in_sample,0.7,0.2052
model-1577427080,1577427115.17,in_sample,0.66,0.2031
model-1577427080,1577427115.215,in_sample,0.73,0.1726
model-1577427080,1577427115.261,in_sample,0.74,0.1903
model-1577427080,1577427115.304,in_sample,0.67,0.2016
model-1577427080,1577427115.348,in_sample,0.84,0.1439
model-1577427080,1577427115.393,in_sample,0.67,0.2091
model-1577427080,1577427115.437,in_sample,0.68,0.2006
model-1577427080,1577427115.481,in_sample,0.69,0.2035
model-1577427080,1577427115.526,in_sample,0.73,0.1936
model-1577427080,1577427115.569,in_sample,0.68,0.2084
model-1577427080,1577427115.613,in_sample,0.68,0.194
model-1577427080,1577427115.658,in_sample,0.65,0.1981
model-1577427080,1577427115.701,in_sample,0.79,0.1711
model-1577427080,1577427115.745,in_sample,0.79,0.1901
model-1577427080,1577427115.79,in_sample,0.74,0.1724
model-1577427080,1577427115.834,in_sample,0.79,0.1504
model-1577427080,1577427115.878,in_sample,0.72,0.1777
model-1577427080,1577427115.923,in_sample,0.7,0.1886
model-1577427080,1577427115.966,in_sample,0.73,0.1847
model-1577427080,1577427116.011,in_sample,0.71,0.2002
model-1577427080,1577427116.056,in_sample,0.72,0.1678
model-1577427080,1577427116.099,in_sample,0.71,0.1825
model-1577427080,1577427116.143,in_sample,0.83,0.1488
model-1577427080,1577427116.188,in_sample,0.72,0.2278
model-1577427080,1577427116.232,in_sample,0.71,0.194
model-1577427080,1577427116.276,in_sample,0.72,0.1961
model-1577427080,1577427116.321,in_sample,0.69,0.1963
model-1577427080,1577427116.365,in_sample,0.7,0.1982
model-1577427080,1577427116.409,in_sample,0.65,0.1976
model-1577427080,1577427116.453,in_sample,0.72,0.1879
model-1577427080,1577427116.497,in_sample,0.77,0.1619
model-1577427080,1577427116.541,in_sample,0.77,0.1683
model-1577427080,1577427116.587,in_sample,0.7,0.1794
model-1577427080,1577427116.63,in_sample,0.7,0.2022
model-1577427080,1577427116.674,in_sample,0.74,0.1784
model-1577427080,1577427116.719,in_sample,0.66,0.2222
model-1577427080,1577427116.762,in_sample,0.72,0.1891
model-1577427080,1577427116.807,in_sample,0.76,0.1737
model-1577427080,1577427116.851,in_sample,0.71,0.1964
model-1577427080,1577427116.895,in_sample,0.77,0.1522
model-1577427080,1577427116.939,in_sample,0.78,0.1714
model-1577427080,1577427116.984,in_sample,0.71,0.192
model-1577427080,1577427117.027,in_sample,0.74,0.1844
model-1577427080,1577427117.071,in_sample,0.76,0.1687
model-1577427080,1577427117.115,in_sample,0.69,0.1845
model-1577427080,1577427117.159,in_sample,0.72,0.1694
model-1577427080,1577427117.204,in_sample,0.65,0.2226
model-1577427080,1577427117.248,in_sample,0.72,0.1889
model-1577427080,1577427117.292,in_sample,0.8,0.1519
model-1577427080,1577427117.336,in_sample,0.76,0.1615
model-1577427080,1577427117.381,in_sample,0.78,0.1557
model-1577427080,1577427117.424,in_sample,0.71,0.187
model-1577427080,1577427117.468,in_sample,0.66,0.202
model-1577427080,1577427117.513,in_sample,0.69,0.1973
model-1577427080,1577427117.556,in_sample,0.72,0.1885
model-1577427080,1577427117.6,in_sample,0.71,0.1796
model-1577427080,1577427117.645,in_sample,0.67,0.2061
model-1577427080,1577427117.689,in_sample,0.68,0.2124
model-1577427080,1577427117.733,in_sample,0.63,0.2089
model-1577427080,1577427117.778,in_sample,0.74,0.176
model-1577427080,1577427117.822,in_sample,0.65,0.211
model-1577427080,1577427117.866,in_sample,0.7,0.2069
model-1577427080,1577427117.911,in_sample,0.69,0.1942
model-1577427080,1577427117.954,in_sample,0.7,0.1904
model-1577427080,1577427117.998,in_sample,0.73,0.1813
model-1577427080,1577427118.043,in_sample,0.71,0.1938
model-1577427080,1577427118.086,in_sample,0.72,0.1741
model-1577427080,1577427118.131,in_sample,0.68,0.1927
model-1577427080,1577427118.176,in_sample,0.7,0.2102
model-1577427080,1577427118.219,in_sample,0.71,0.194
model-1577427080,1577427118.264,in_sample,0.78,0.1684
model-1577427080,1577427118.309,in_sample,0.78,0.1608
model-1577427080,1577427118.352,in_sample,0.73,0.1954
model-1577427080,1577427118.397,in_sample,0.8,0.1616
model-1577427080,1577427118.441,in_sample,0.76,0.1711
model-1577427080,1577427118.485,in_sample,0.76,0.1478
model-1577427080,1577427118.529,in_sample,0.8,0.1566
model-1577427080,1577427118.574,in_sample,0.74,0.1713
model-1577427080,1577427118.617,in_sample,0.83,0.1513
model-1577427080,1577427118.661,in_sample,0.72,0.1868
model-1577427080,1577427118.706,in_sample,0.76,0.1704
model-1577427080,1577427118.749,in_sample,0.79,0.1522
model-1577427080,1577427118.793,in_sample,0.7,0.179
model-1577427080,1577427118.838,in_sample,0.76,0.1646
model-1577427080,1577427118.882,in_sample,0.8,0.1473
model-1577427080,1577427118.926,in_sample,0.69,0.1762
model-1577427080,1577427118.971,in_sample,0.78,0.1731
model-1577427080,1577427119.015,in_sample,0.74,0.161
model-1577427080,1577427119.059,in_sample,0.8,0.1491
model-1577427080,1577427119.104,in_sample,0.8,0.162
model-1577427080,1577427119.148,in_sample,0.68,0.1928
model-1577427080,1577427119.193,in_sample,0.7,0.1905
model-1577427080,1577427119.238,in_sample,0.75,0.1608
model-1577427080,1577427119.281,in_sample,0.7,0.2134
model-1577427080,1577427119.327,in_sample,0.68,0.2008
model-1577427080,1577427119.372,in_sample,0.8,0.1553
model-1577427080,1577427119.415,in_sample,0.68,0.1886
model-1577427080,1577427119.46,in_sample,0.8,0.1558
model-1577427080,1577427119.505,in_sample,0.75,0.1531
model-1577427080,1577427119.549,in_sample,0.71,0.1958
model-1577427080,1577427119.595,in_sample,0.7,0.1942
model-1577427080,1577427119.64,in_sample,0.77,0.1716
model-1577427080,1577427119.683,in_sample,0.7,0.1697
model-1577427080,1577427119.729,in_sample,0.83,0.1443
model-1577427080,1577427119.774,in_sample,0.76,0.1632
model-1577427080,1577427119.817,in_sample,0.72,0.1918
model-1577427080,1577427119.862,in_sample,0.76,0.1549
model-1577427080,1577427119.907,in_sample,0.8,0.1625
model-1577427080,1577427119.951,in_sample,0.62,0.2265
model-1577427080,1577427119.995,in_sample,0.8,0.159
model-1577427080,1577427120.04,in_sample,0.74,0.1698
model-1577427080,1577427120.084,in_sample,0.78,0.1339
model-1577427080,1577427120.128,in_sample,0.84,0.1399
model-1577427080,1577427120.173,in_sample,0.62,0.2179
model-1577427080,1577427120.216,in_sample,0.8,0.1469
model-1577427080,1577427120.261,in_sample,0.88,0.1038
model-1577427080,1577427120.307,in_sample,0.79,0.1526
model-1577427080,1577427120.351,in_sample,0.77,0.1722
model-1577427080,1577427120.395,in_sample,0.75,0.173
model-1577427080,1577427120.439,in_sample,0.65,0.2292
model-1577427080,1577427120.483,in_sample,0.75,0.1761
model-1577427080,1577427120.527,in_sample,0.77,0.145
model-1577427080,1577427120.572,in_sample,0.62,0.2292
model-1577427080,1577427120.615,in_sample,0.78,0.1603
model-1577427080,1577427120.66,in_sample,0.7,0.1912
model-1577427080,1577427120.705,in_sample,0.75,0.1573
model-1577427080,1577427120.748,in_sample,0.65,0.2298
model-1577427080,1577427120.792,in_sample,0.73,0.1788
model-1577427080,1577427120.837,in_sample,0.72,0.1805
model-1577427080,1577427120.88,in_sample,0.69,0.1816
model-1577427080,1577427120.925,in_sample,0.72,0.1928
model-1577427080,1577427120.97,in_sample,0.73,0.1686
model-1577427080,1577427121.013,in_sample,0.73,0.1778
model-1577427080,1577427121.058,in_sample,0.75,0.1591
model-1577427080,1577427121.103,in_sample,0.74,0.1848
model-1577427080,1577427121.147,in_sample,0.73,0.179
model-1577427080,1577427121.192,in_sample,0.79,0.16
model-1577427080,1577427121.236,in_sample,0.84,0.1419
model-1577427080,1577427121.28,in_sample,0.78,0.1727
model-1577427080,1577427121.325,in_sample,0.72,0.1689
model-1577427080,1577427121.37,in_sample,0.67,0.2174
model-1577427080,1577427121.414,in_sample,0.76,0.1531
model-1577427080,1577427121.459,in_sample,0.77,0.1629
model-1577427080,1577427121.504,in_sample,0.67,0.2349
model-1577427080,1577427121.548,in_sample,0.77,0.1613
model-1577427080,1577427121.593,in_sample,0.7,0.1872
model-1577427080,1577427121.637,in_sample,0.73,0.1742
model-1577427080,1577427121.681,in_sample,0.76,0.1527
model-1577427080,1577427121.726,in_sample,0.77,0.1598
model-1577427080,1577427121.771,in_sample,0.74,0.1642
model-1577427080,1577427121.815,in_sample,0.85,0.1166
model-1577427080,1577427121.859,in_sample,0.79,0.1443
model-1577427080,1577427121.904,in_sample,0.72,0.1845
model-1577427080,1577427121.947,in_sample,0.75,0.1953
model-1577427080,1577427121.991,in_sample,0.8,0.1373
model-1577427080,1577427122.036,in_sample,0.75,0.166
model-1577427080,1577427122.08,in_sample,0.72,0.178
model-1577427080,1577427122.125,in_sample,0.74,0.1701
model-1577427080,1577427122.169,in_sample,0.8,0.156
model-1577427080,1577427122.212,in_sample,0.77,0.1699
model-1577427080,1577427122.257,in_sample,0.78,0.1674
model-1577427080,1577427122.301,in_sample,0.74,0.1594
model-1577427080,1577427122.345,in_sample,0.72,0.1855
model-1577427080,1577427122.389,in_sample,0.85,0.1274
model-1577427080,1577427122.434,in_sample,0.78,0.165
model-1577427080,1577427122.478,in_sample,0.84,0.1361
model-1577427080,1577427122.522,in_sample,0.7,0.1966
model-1577427080,1577427122.567,in_sample,0.75,0.1508
model-1577427080,1577427122.61,in_sample,0.78,0.1585
model-1577427080,1577427122.655,in_sample,0.72,0.1755
model-1577427080,1577427122.7,in_sample,0.79,0.1476
model-1577427080,1577427122.743,in_sample,0.82,0.14
model-1577427080,1577427122.787,in_sample,0.8,0.1697
model-1577427080,1577427122.832,in_sample,0.84,0.132
model-1577427080,1577427122.875,in_sample,0.72,0.2169
model-1577427080,1577427122.92,in_sample,0.78,0.1706
model-1577427080,1577427122.965,in_sample,0.75,0.1753
model-1577427080,1577427123.008,in_sample,0.82,0.1608
model-1577427080,1577427123.053,in_sample,0.74,0.1712
model-1577427080,1577427123.097,in_sample,0.75,0.1715
model-1577427080,1577427123.141,in_sample,0.77,0.1624
model-1577427080,1577427123.185,in_sample,0.77,0.1507
model-1577427080,1577427123.23,in_sample,0.71,0.2128
model-1577427080,1577427123.273,in_sample,0.77,0.1728
model-1577427080,1577427123.317,in_sample,0.76,0.1641
model-1577427080,1577427123.362,in_sample,0.71,0.1718
model-1577427080,1577427123.405,in_sample,0.74,0.1695
model-1577427080,1577427123.45,in_sample,0.7,0.2078
model-1577427080,1577427123.494,in_sample,0.73,0.1715
model-1577427080,1577427123.538,in_sample,0.75,0.1782
model-1577427080,1577427123.583,in_sample,0.76,0.1712
model-1577427080,1577427123.628,in_sample,0.73,0.1898
model-1577427080,1577427123.671,in_sample,0.79,0.1582
model-1577427080,1577427123.716,in_sample,0.75,0.1682
model-1577427080,1577427123.761,in_sample,0.74,0.174
model-1577427080,1577427123.804,in_sample,0.74,0.1563
model-1577427080,1577427123.85,in_sample,0.67,0.215
model-1577427080,1577427123.896,in_sample,0.72,0.1753
model-1577427080,1577427123.939,in_sample,0.73,0.1776
model-1577427080,1577427123.984,in_sample,0.83,0.143
model-1577427080,1577427124.028,in_sample,0.74,0.1744
model-1577427080,1577427124.072,in_sample,0.75,0.169
model-1577427080,1577427124.116,in_sample,0.73,0.1768
model-1577427080,1577427124.162,in_sample,0.79,0.1541
model-1577427080,1577427124.205,in_sample,0.79,0.175
model-1577427080,1577427124.25,in_sample,0.79,0.1541
model-1577427080,1577427124.297,in_sample,0.83,0.1283
model-1577427080,1577427124.34,in_sample,0.81,0.1452
model-1577427080,1577427124.384,in_sample,0.73,0.1886
model-1577427080,1577427124.429,in_sample,0.79,0.1651
model-1577427080,1577427124.465,in_sample,0.73,0.1829
model-1577483104,1577483122.897,0.55,0.2486,0.53,0.2538,0
model-1577483104,1577483122.98,0.55,0.2509,0.53,0.2492,0
model-1577483104,1577483123.048,0.47,0.2518,0.47,0.2513,0
model-1577483104,1577483123.11,0.48,0.2497,0.47,0.2512,0
model-1577483104,1577483123.173,0.53,0.2497,0.47,0.2507,0
model-1577483104,1577483123.234,0.6,0.2471,0.47,0.2562,0
model-1577483104,1577483123.297,0.49,0.2544,0.47,0.2539,0
model-1577483104,1577483123.357,0.54,0.2468,0.47,0.2528,0
model-1577483104,1577483123.418,0.56,0.2465,0.47,0.2533,0
model-1577483104,1577483123.479,0.47,0.2546,0.52,0.2502,0
model-1577483104,1577483123.541,0.58,0.2461,0.49,0.2494,0
model-1577483104,1577483123.602,0.56,0.248,0.53,0.2494,0
model-1577483104,1577483123.663,0.52,0.2481,0.54,0.249,0
model-1577483104,1577483123.724,0.5,0.2502,0.53,0.2482,0
model-1577483104,1577483123.786,0.45,0.2519,0.53,0.2484,0
model-1577483104,1577483123.847,0.58,0.2469,0.51,0.2496,0
model-1577483104,1577483123.909,0.55,0.2495,0.47,0.2515,0
model-1577483104,1577483123.969,0.61,0.2421,0.47,0.257,0
model-1577483104,1577483124.032,0.59,0.242,0.47,0.268,0
model-1577483104,1577483124.092,0.47,0.2724,0.47,0.2614,0
model-1577483104,1577483124.155,0.48,0.2598,0.47,0.254,0
model-1577483104,1577483124.214,0.43,0.2595,0.48,0.2499,0
model-1577483104,1577483124.277,0.54,0.2475,0.56,0.2488,0
model-1577483104,1577483124.338,0.57,0.2487,0.58,0.2485,0
model-1577483104,1577483124.399,0.61,0.2486,0.53,0.2483,0
model-1577483104,1577483124.459,0.49,0.2492,0.53,0.2481,0
model-1577483104,1577483124.522,0.53,0.2486,0.53,0.2479,0
model-1577483104,1577483124.582,0.65,0.2427,0.53,0.2477,0
model-1577483104,1577483124.644,0.5,0.2498,0.53,0.2476,0
model-1577483104,1577483124.704,0.57,0.2451,0.53,0.2473,0
model-1577483104,1577483124.766,0.51,0.2497,0.53,0.2471,0
model-1577483104,1577483124.826,0.52,0.2474,0.53,0.247,0
model-1577483104,1577483124.887,0.55,0.2437,0.53,0.2472,0
model-1577483104,1577483124.948,0.41,0.2645,0.53,0.247,0
model-1577483104,1577483125.01,0.49,0.248,0.53,0.2468,0
model-1577483104,1577483125.07,0.53,0.2472,0.53,0.2467,0
model-1577483104,1577483125.132,0.54,0.2441,0.53,0.2466,0
model-1577483104,1577483125.192,0.46,0.2559,0.53,0.2467,0
model-1577483104,1577483125.254,0.54,0.2455,0.53,0.2468,0
model-1577483104,1577483125.313,0.49,0.249,0.53,0.247,0
model-1577483104,1577483125.376,0.48,0.2528,0.53,0.2474,0
model-1577483104,1577483125.436,0.49,0.2496,0.53,0.2477,0
model-1577483104,1577483125.499,0.56,0.2397,0.53,0.2477,0
model-1577483104,1577483125.558,0.52,0.2477,0.53,0.2478,0
model-1577483104,1577483125.62,0.55,0.2459,0.53,0.2476,0
model-1577483104,1577483125.681,0.62,0.2445,0.53,0.2471,0
model-1577483104,1577483125.743,0.52,0.2465,0.53,0.2462,0
model-1577483104,1577483125.803,0.53,0.243,0.53,0.2449,0
model-1577483104,1577483125.865,0.58,0.2473,0.53,0.2435,0
model-1577483104,1577483125.924,0.52,0.25,0.53,0.2429,0
model-1577483104,1577483125.986,0.52,0.2319,0.53,0.2424,0
model-1577483104,1577483126.046,0.5,0.2442,0.53,0.2418,0
model-1577483104,1577483126.108,0.47,0.2534,0.53,0.2419,0
model-1577483104,1577483126.168,0.54,0.2299,0.53,0.2422,0
model-1577483104,1577483126.231,0.47,0.2538,0.53,0.2432,0
model-1577483104,1577483126.292,0.41,0.2502,0.65,0.2454,0
model-1577483104,1577483126.353,0.54,0.2545,0.5,0.2472,0
model-1577483104,1577483126.414,0.65,0.2399,0.49,0.2483,0
model-1577483104,1577483126.477,0.47,0.2545,0.49,0.2493,0
model-1577483104,1577483126.537,0.63,0.2408,0.49,0.2506,0
model-1577483104,1577483126.599,0.49,0.2503,0.49,0.251,0
model-1577483104,1577483126.659,0.56,0.2465,0.49,0.2517,0
model-1577483104,1577483126.722,0.52,0.2453,0.49,0.2506,0
model-1577483104,1577483126.782,0.58,0.2384,0.56,0.2455,0
model-1577483104,1577483126.844,0.61,0.2446,0.59,0.2393,0
model-1577483104,1577483126.904,0.57,0.2501,0.63,0.2344,0
model-1577483104,1577483126.966,0.66,0.2289,0.54,0.2408,0
model-1577483104,1577483127.026,0.56,0.2399,0.58,0.2353,0
model-1577483104,1577483127.088,0.53,0.2471,0.61,0.2329,0
model-1577483104,1577483127.149,0.64,0.2351,0.52,0.2519,0
model-1577483104,1577483127.211,0.56,0.2419,0.52,0.2513,0
model-1577483104,1577483127.271,0.57,0.246,0.52,0.2491,0
model-1577483104,1577483127.333,0.5,0.2482,0.59,0.2376,0
model-1577483104,1577483127.393,0.55,0.2461,0.63,0.2325,0
model-1577483104,1577483127.455,0.62,0.2354,0.61,0.232,0
model-1577483104,1577483127.515,0.5,0.25,0.63,0.232,0
model-1577483104,1577483127.577,0.52,0.2416,0.61,0.2328,0
model-1577483104,1577483127.638,0.52,0.2511,0.64,0.2325,0
model-1577483104,1577483127.7,0.59,0.2532,0.67,0.2331,0
model-1577483104,1577483127.759,0.66,0.2309,0.63,0.2352,0
model-1577483104,1577483127.821,0.55,0.2457,0.63,0.236,0
model-1577483104,1577483127.881,0.59,0.2443,0.63,0.2368,0
model-1577483104,1577483127.944,0.5,0.2562,0.64,0.2356,0
model-1577483104,1577483128.004,0.59,0.2378,0.66,0.2339,0
model-1577483104,1577483128.065,0.55,0.24,0.66,0.2329,0
model-1577483104,1577483128.126,0.58,0.2388,0.6,0.2339,0
model-1577483104,1577483128.189,0.61,0.2363,0.6,0.2365,0
model-1577483104,1577483128.249,0.6,0.2388,0.54,0.2436,0
model-1577483104,1577483128.311,0.59,0.2398,0.56,0.2395,0
model-1577483104,1577483128.371,0.67,0.2213,0.62,0.2302,0
model-1577483104,1577483128.433,0.62,0.2314,0.64,0.2246,0
model-1577483104,1577483128.493,0.56,0.2441,0.69,0.2216,0
model-1577483104,1577483128.555,0.67,0.216,0.68,0.2199,0
model-1577483104,1577483128.615,0.62,0.2252,0.68,0.2193,0
model-1577483104,1577483128.677,0.61,0.2237,0.57,0.2409,0
model-1577483104,1577483128.737,0.55,0.2399,0.59,0.239,0
model-1577483104,1577483128.799,0.62,0.2369,0.6,0.2237,0
model-1577483104,1577483128.859,0.56,0.236,0.62,0.2274,0
model-1577483104,1577483128.921,0.63,0.2369,0.61,0.2302,0
model-1577483104,1577483128.982,0.59,0.2335,0.62,0.2234,0
model-1577483104,1577483129.043,0.59,0.2373,0.62,0.2245,0
model-1577483104,1577483129.104,0.7,0.2151,0.57,0.2457,0
model-1577483104,1577483129.166,0.55,0.2641,0.58,0.2376,0
model-1577483104,1577483129.226,0.64,0.24,0.63,0.2244,0
model-1577483104,1577483129.288,0.62,0.2327,0.66,0.2218,0
model-1577483104,1577483129.348,0.61,0.2268,0.61,0.2231,0
model-1577483104,1577483129.41,0.56,0.243,0.61,0.2253,0
model-1577483104,1577483129.47,0.56,0.2361,0.6,0.2275,0
model-1577483104,1577483129.531,0.63,0.23,0.62,0.2314,0
model-1577483104,1577483129.591,0.64,0.2341,0.59,0.237,0
model-1577483104,1577483129.653,0.62,0.2389,0.6,0.2435,0
model-1577483104,1577483129.713,0.54,0.2453,0.55,0.2465,0
model-1577483104,1577483129.775,0.57,0.2408,0.57,0.2454,0
model-1577483104,1577483129.835,0.59,0.2394,0.55,0.244,0
model-1577483104,1577483129.898,0.55,0.2414,0.56,0.2425,0
model-1577483104,1577483129.957,0.63,0.2361,0.54,0.2422,0
model-1577483104,1577483130.019,0.57,0.249,0.53,0.2398,0
model-1577483104,1577483130.079,0.65,0.2335,0.55,0.2375,0
model-1577483104,1577483130.141,0.62,0.2347,0.61,0.2361,0
model-1577483104,1577483130.202,0.66,0.2295,0.61,0.2344,0
model-1577483104,1577483130.263,0.63,0.2254,0.61,0.232,0
model-1577483104,1577483130.324,0.64,0.2246,0.65,0.2302,0
model-1577483104,1577483130.386,0.58,0.2427,0.64,0.2307,0
model-1577483104,1577483130.446,0.65,0.2255,0.61,0.2287,0
model-1577483104,1577483130.508,0.55,0.2493,0.6,0.2286,0
model-1577483104,1577483130.568,0.63,0.2274,0.62,0.2262,0
model-1577483104,1577483130.631,0.69,0.2133,0.62,0.2241,0
model-1577483104,1577483130.691,0.57,0.2403,0.63,0.2242,0
model-1577483104,1577483130.752,0.65,0.2285,0.62,0.2245,0
model-1577483104,1577483130.813,0.65,0.2241,0.61,0.2245,0
model-1577483104,1577483130.875,0.65,0.2127,0.61,0.2246,0
model-1577483104,1577483130.935,0.62,0.2336,0.59,0.2271,0
model-1577483104,1577483130.996,0.68,0.2094,0.61,0.233,0
model-1577483104,1577483131.057,0.52,0.2574,0.63,0.2238,0
model-1577483104,1577483131.119,0.58,0.2412,0.66,0.2137,0
model-1577483104,1577483131.179,0.65,0.2067,0.61,0.219,0
model-1577483104,1577483131.241,0.53,0.2545,0.6,0.2245,0
model-1577483104,1577483131.301,0.59,0.23,0.64,0.2243,0
model-1577483104,1577483131.364,0.66,0.2191,0.6,0.2254,0
model-1577483104,1577483131.424,0.57,0.2324,0.61,0.2285,0
model-1577483104,1577483131.486,0.55,0.2522,0.63,0.2351,0
model-1577483104,1577483131.546,0.62,0.2431,0.59,0.2407,0
model-1577483104,1577483131.609,0.55,0.2415,0.56,0.2453,0
model-1577483104,1577483131.669,0.6,0.2419,0.53,0.2453,0
model-1577483104,1577483131.73,0.6,0.244,0.52,0.2455,0
model-1577483104,1577483131.79,0.6,0.2295,0.54,0.2439,0
model-1577483104,1577483131.853,0.51,0.2437,0.59,0.2407,0
model-1577483104,1577483131.912,0.65,0.2269,0.62,0.2383,0
model-1577483104,1577483131.975,0.63,0.2327,0.62,0.2369,0
model-1577483104,1577483132.035,0.65,0.2324,0.64,0.2353,0
model-1577483104,1577483132.097,0.62,0.2366,0.64,0.2338,0
model-1577483104,1577483132.157,0.61,0.2356,0.62,0.2326,0
model-1577483104,1577483132.219,0.62,0.2347,0.63,0.2311,0
model-1577483104,1577483132.278,0.65,0.2331,0.65,0.23,0
model-1577483104,1577483132.341,0.62,0.2354,0.66,0.2288,0
model-1577483104,1577483132.4,0.56,0.2407,0.65,0.2279,0
model-1577483104,1577483132.462,0.58,0.2329,0.64,0.2269,0
model-1577483104,1577483132.522,0.68,0.2262,0.64,0.2258,0
model-1577483104,1577483132.584,0.66,0.2296,0.63,0.2256,0
model-1577483104,1577483132.644,0.61,0.223,0.59,0.2302,0
model-1577483104,1577483132.706,0.58,0.2384,0.59,0.2303,0
model-1577483104,1577483132.766,0.79,0.1906,0.6,0.2279,0
model-1577483104,1577483132.828,0.64,0.2236,0.62,0.2231,0
model-1577483104,1577483132.888,0.66,0.2026,0.66,0.2167,0
model-1577483104,1577483132.949,0.65,0.2091,0.64,0.2176,0
model-1577483104,1577483133.009,0.6,0.2438,0.66,0.216,0
model-1577483104,1577483133.072,0.64,0.2328,0.64,0.2173,0
model-1577483104,1577483133.132,0.64,0.2193,0.61,0.2257,0
model-1577483104,1577483133.194,0.59,0.2291,0.61,0.2167,0
model-1577483104,1577483133.254,0.64,0.2299,0.62,0.2204,0
model-1577483104,1577483133.315,0.52,0.2577,0.61,0.2213,0
model-1577483104,1577483133.375,0.61,0.228,0.64,0.2216,0
model-1577483104,1577483133.438,0.6,0.2389,0.59,0.2354,0
model-1577483104,1577483133.498,0.62,0.2284,0.6,0.2452,0
model-1577483104,1577483133.561,0.57,0.2424,0.61,0.2368,0
model-1577483104,1577483133.621,0.59,0.2204,0.64,0.2241,0
model-1577483104,1577483133.682,0.67,0.2227,0.62,0.2215,0
model-1577483104,1577483133.743,0.63,0.2324,0.64,0.2242,0
model-1577483104,1577483133.805,0.61,0.23,0.61,0.2248,0
model-1577483104,1577483133.865,0.6,0.2196,0.65,0.2234,0
model-1577483104,1577483133.928,0.49,0.2556,0.64,0.2221,0
model-1577483104,1577483133.988,0.65,0.2263,0.64,0.2284,0
model-1577483104,1577483134.05,0.64,0.2148,0.58,0.248,0
model-1577483104,1577483134.109,0.55,0.2444,0.53,0.2699,0
model-1577483104,1577483134.171,0.59,0.2304,0.52,0.2763,0
model-1577483104,1577483134.231,0.57,0.2434,0.52,0.2702,0
model-1577483104,1577483134.294,0.62,0.2145,0.53,0.2629,0
model-1577483104,1577483134.353,0.46,0.255,0.56,0.2496,0
model-1577483104,1577483134.415,0.62,0.2318,0.59,0.241,0
model-1577483104,1577483134.475,0.66,0.2267,0.63,0.2368,0
model-1577483104,1577483134.538,0.6,0.2356,0.62,0.2352,0
model-1577483104,1577483134.597,0.67,0.2247,0.57,0.2351,0
model-1577483104,1577483134.659,0.58,0.2404,0.58,0.2355,0
model-1577483104,1577483134.72,0.58,0.2431,0.57,0.2352,0
model-1577483104,1577483134.782,0.52,0.2452,0.57,0.2345,0
model-1577483104,1577483134.842,0.62,0.2336,0.59,0.2333,0
model-1577483104,1577483134.904,0.5,0.247,0.61,0.2319,0
model-1577483104,1577483134.963,0.51,0.2522,0.62,0.231,0
model-1577483104,1577483135.027,0.54,0.2409,0.66,0.2312,0
model-1577483104,1577483135.086,0.64,0.2307,0.64,0.2318,0
model-1577483104,1577483135.148,0.63,0.2357,0.63,0.2325,0
model-1577483104,1577483135.208,0.6,0.2362,0.64,0.2347,0
model-1577483104,1577483135.271,0.65,0.231,0.63,0.2366,0
model-1577483104,1577483135.331,0.67,0.2258,0.59,0.2385,0
model-1577483104,1577483135.392,0.67,0.2217,0.58,0.2393,0
model-1577483104,1577483135.453,0.59,0.2407,0.6,0.2381,0
model-1577483104,1577483135.515,0.58,0.2343,0.6,0.2369,0
model-1577483104,1577483135.575,0.62,0.2322,0.64,0.2326,0
model-1577483104,1577483135.636,0.56,0.2389,0.62,0.2271,0
model-1577483104,1577483135.697,0.66,0.2183,0.64,0.2217,0
model-1577483104,1577483135.759,0.65,0.224,0.66,0.2198,0
model-1577483104,1577483135.819,0.66,0.2274,0.66,0.219,0
model-1577483104,1577483135.881,0.65,0.203,0.67,0.2162,0
model-1577483104,1577483135.941,0.66,0.2085,0.7,0.2142,0
model-1577483104,1577483136.003,0.6,0.2367,0.68,0.2164,0
model-1577483104,1577483136.063,0.64,0.2343,0.64,0.2204,0
model-1577483104,1577483136.124,0.61,0.2318,0.66,0.2249,0
model-1577483104,1577483136.185,0.68,0.2081,0.64,0.2258,0
model-1577483104,1577483136.247,0.68,0.2113,0.63,0.2291,0
model-1577483104,1577483136.308,0.64,0.2213,0.63,0.2352,0
model-1577483104,1577483136.37,0.65,0.2217,0.61,0.2419,0
model-1577483104,1577483136.43,0.57,0.24,0.58,0.2418,0
model-1577483104,1577483136.492,0.53,0.2702,0.61,0.2315,0
model-1577483104,1577483136.553,0.58,0.2336,0.63,0.2221,0
model-1577483104,1577483136.596,0.63,0.2133,0.67,0.2195,0
model-1577483104,1577483136.66,0.59,0.2417,0.66,0.2195,1
model-1577483104,1577483136.727,0.73,0.2008,0.64,0.2207,1
model-1577483104,1577483136.789,0.57,0.2431,0.64,0.2214,1
model-1577483104,1577483136.849,0.61,0.2386,0.64,0.2223,1
model-1577483104,1577483136.911,0.71,0.218,0.63,0.223,1
model-1577483104,1577483136.971,0.6,0.2402,0.63,0.2285,1
model-1577483104,1577483137.033,0.69,0.2048,0.64,0.2364,1
model-1577483104,1577483137.093,0.62,0.2235,0.61,0.2445,1
model-1577483104,1577483137.156,0.62,0.2166,0.58,0.2513,1
model-1577483104,1577483137.215,0.65,0.2346,0.64,0.2432,1
model-1577483104,1577483137.277,0.66,0.2234,0.67,0.2333,1
model-1577483104,1577483137.337,0.54,0.2429,0.63,0.2247,1
model-1577483104,1577483137.399,0.64,0.2214,0.64,0.2216,1
model-1577483104,1577483137.459,0.63,0.2238,0.64,0.2222,1
model-1577483104,1577483137.521,0.57,0.227,0.64,0.2229,1
model-1577483104,1577483137.581,0.57,0.2306,0.68,0.2215,1
model-1577483104,1577483137.643,0.61,0.2346,0.68,0.2217,1
model-1577483104,1577483137.703,0.56,0.2562,0.62,0.2284,1
model-1577483104,1577483137.765,0.67,0.2115,0.62,0.2431,1
model-1577483104,1577483137.824,0.55,0.2463,0.55,0.2541,1
model-1577483104,1577483137.886,0.56,0.2551,0.55,0.2533,1
model-1577483104,1577483137.947,0.55,0.2628,0.6,0.2438,1
model-1577483104,1577483138.01,0.64,0.227,0.6,0.2371,1
model-1577483104,1577483138.069,0.63,0.2205,0.63,0.2343,1
model-1577483104,1577483138.131,0.68,0.2258,0.65,0.2327,1
model-1577483104,1577483138.192,0.63,0.2178,0.67,0.2314,1
model-1577483104,1577483138.254,0.72,0.2099,0.65,0.23,1
model-1577483104,1577483138.314,0.67,0.2046,0.62,0.2293,1
model-1577483104,1577483138.376,0.63,0.2224,0.62,0.2282,1
model-1577483104,1577483138.436,0.62,0.216,0.6,0.2261,1
model-1577483104,1577483138.498,0.65,0.23,0.64,0.2232,1
model-1577483104,1577483138.558,0.58,0.2258,0.66,0.2204,1
model-1577483104,1577483138.621,0.64,0.2168,0.65,0.2182,1
model-1577483104,1577483138.682,0.58,0.2346,0.66,0.2184,1
model-1577483104,1577483138.744,0.69,0.2044,0.65,0.2219,1
model-1577483104,1577483138.804,0.67,0.2211,0.62,0.2249,1
model-1577483104,1577483138.866,0.63,0.2066,0.61,0.2256,1
model-1577483104,1577483138.926,0.64,0.231,0.61,0.2249,1
model-1577483104,1577483138.989,0.65,0.2291,0.63,0.2194,1
model-1577483104,1577483139.049,0.63,0.2131,0.67,0.216,1
model-1577483104,1577483139.111,0.59,0.2327,0.67,0.2152,1
model-1577483104,1577483139.172,0.67,0.2132,0.64,0.2165,1
model-1577483104,1577483139.234,0.66,0.1987,0.65,0.2174,1
model-1577483104,1577483139.294,0.61,0.2277,0.63,0.2192,1
model-1577483104,1577483139.356,0.64,0.201,0.64,0.2165,1
model-1577483104,1577483139.416,0.62,0.2311,0.65,0.2126,1
model-1577483104,1577483139.479,0.63,0.2123,0.64,0.2147,1
model-1577483104,1577483139.538,0.67,0.209,0.66,0.217,1
model-1577483104,1577483139.6,0.64,0.2132,0.62,0.2204,1
model-1577483104,1577483139.661,0.63,0.243,0.6,0.2224,1
model-1577483104,1577483139.723,0.7,0.2098,0.62,0.2249,1
model-1577483104,1577483139.783,0.64,0.2172,0.63,0.2302,1
model-1577483104,1577483139.845,0.61,0.2227,0.6,0.2373,1
model-1577483104,1577483139.905,0.69,0.1906,0.58,0.2401,1
model-1577483104,1577483139.967,0.64,0.2295,0.6,0.2395,1
model-1577483104,1577483140.027,0.61,0.2254,0.61,0.2408,1
model-1577483104,1577483140.089,0.62,0.2392,0.64,0.2376,1
model-1577483104,1577483140.15,0.69,0.1999,0.62,0.2368,1
model-1577483104,1577483140.213,0.66,0.2129,0.67,0.229,1
model-1577483104,1577483140.272,0.7,0.2053,0.64,0.2233,1
model-1577483104,1577483140.334,0.65,0.2197,0.65,0.2158,1
model-1577483104,1577483140.394,0.66,0.2266,0.68,0.2134,1
model-1577483104,1577483140.457,0.74,0.1856,0.67,0.2128,1
model-1577483104,1577483140.516,0.7,0.1836,0.66,0.219,1
model-1577483104,1577483140.579,0.75,0.1908,0.64,0.227,1
model-1577483104,1577483140.639,0.57,0.2382,0.68,0.2175,1
model-1577483104,1577483140.701,0.55,0.236,0.65,0.2065,1
model-1577483104,1577483140.76,0.66,0.2084,0.66,0.2108,1
model-1577483104,1577483140.823,0.58,0.2323,0.64,0.2115,1
model-1577483104,1577483140.883,0.67,0.212,0.64,0.2111,1
model-1577483104,1577483140.945,0.65,0.2095,0.68,0.2186,1
model-1577483104,1577483141.004,0.71,0.2063,0.65,0.2378,1
model-1577483104,1577483141.067,0.62,0.2224,0.63,0.2412,1
model-1577483104,1577483141.127,0.68,0.2121,0.65,0.2372,1
model-1577483104,1577483141.189,0.62,0.2329,0.66,0.2316,1
model-1577483104,1577483141.248,0.61,0.2365,0.61,0.2288,1
model-1577483104,1577483141.311,0.62,0.2182,0.52,0.2313,1
model-1577483104,1577483141.371,0.6,0.2197,0.52,0.23,1
model-1577483104,1577483141.433,0.62,0.2204,0.57,0.2249,1
model-1577483104,1577483141.492,0.66,0.2156,0.69,0.2209,1
model-1577483104,1577483141.554,0.68,0.2156,0.67,0.2202,1
model-1577483104,1577483141.614,0.6,0.2382,0.65,0.2217,1
model-1577483104,1577483141.677,0.65,0.2268,0.64,0.2196,1
model-1577483104,1577483141.736,0.65,0.2164,0.64,0.2149,1
model-1577483104,1577483141.798,0.67,0.2147,0.67,0.2127,1
model-1577483104,1577483141.858,0.68,0.1971,0.64,0.2138,1
model-1577483104,1577483141.921,0.59,0.2279,0.63,0.2185,1
model-1577483104,1577483141.98,0.66,0.2033,0.66,0.2257,1
model-1577483104,1577483142.043,0.66,0.2143,0.66,0.2221,1
model-1577483104,1577483142.104,0.7,0.1866,0.63,0.2144,1
model-1577483104,1577483142.166,0.7,0.1928,0.65,0.2102,1
model-1577483104,1577483142.226,0.68,0.2117,0.65,0.2082,1
model-1577483104,1577483142.288,0.75,0.1756,0.66,0.2079,1
model-1577483104,1577483142.348,0.69,0.2025,0.65,0.2084,1
model-1577483104,1577483142.41,0.72,0.1956,0.64,0.2167,1
model-1577483104,1577483142.47,0.73,0.187,0.64,0.2276,1
model-1577483104,1577483142.532,0.66,0.21,0.65,0.2275,1
model-1577483104,1577483142.593,0.67,0.2049,0.65,0.2309,1
model-1577483104,1577483142.655,0.67,0.1906,0.66,0.2256,1
model-1577483104,1577483142.715,0.62,0.2211,0.64,0.212,1
model-1577483104,1577483142.777,0.73,0.1887,0.66,0.2078,1
model-1577483104,1577483142.838,0.67,0.2076,0.68,0.2095,1
model-1577483104,1577483142.899,0.69,0.2091,0.67,0.2087,1
model-1577483104,1577483142.959,0.7,0.2089,0.65,0.2093,1
model-1577483104,1577483143.02,0.68,0.1928,0.66,0.211,1
model-1577483104,1577483143.081,0.72,0.1936,0.66,0.2134,1
model-1577483104,1577483143.143,0.72,0.1939,0.67,0.2184,1
model-1577483104,1577483143.202,0.72,0.1978,0.68,0.2234,1
model-1577483104,1577483143.264,0.69,0.1909,0.67,0.2246,1
model-1577483104,1577483143.324,0.66,0.2071,0.65,0.2258,1
model-1577483104,1577483143.386,0.67,0.2227,0.64,0.2239,1
model-1577483104,1577483143.446,0.66,0.2058,0.66,0.212,1
model-1577483104,1577483143.508,0.72,0.2149,0.62,0.2124,1
model-1577483104,1577483143.568,0.63,0.224,0.62,0.2118,1
model-1577483104,1577483143.631,0.72,0.204,0.63,0.2084,1
model-1577483104,1577483143.691,0.68,0.2009,0.65,0.2087,1
model-1577483104,1577483143.752,0.6,0.2148,0.66,0.2196,1
model-1577483104,1577483143.813,0.74,0.1793,0.61,0.2446,1
model-1577483104,1577483143.875,0.66,0.2028,0.59,0.2513,1
model-1577483104,1577483143.935,0.59,0.2427,0.66,0.2235,1
model-1577483104,1577483143.997,0.75,0.178,0.64,0.2054,1
model-1577483104,1577483144.057,0.66,0.1927,0.67,0.2057,1
model-1577483104,1577483144.119,0.57,0.2621,0.65,0.2066,1
model-1577483104,1577483144.178,0.75,0.1792,0.65,0.2098,1
model-1577483104,1577483144.24,0.64,0.2195,0.64,0.2151,1
model-1577483104,1577483144.301,0.7,0.1961,0.66,0.2191,1
model-1577483104,1577483144.363,0.77,0.1849,0.66,0.2208,1
model-1577483104,1577483144.422,0.72,0.2034,0.66,0.2226,1
model-1577483104,1577483144.484,0.65,0.2044,0.63,0.2215,1
model-1577483104,1577483144.545,0.71,0.1766,0.65,0.2161,1
model-1577483104,1577483144.607,0.71,0.1852,0.64,0.2098,1
model-1577483104,1577483144.667,0.69,0.2014,0.63,0.2077,1
model-1577483104,1577483144.729,0.69,0.1975,0.63,0.2091,1
model-1577483104,1577483144.789,0.67,0.223,0.66,0.2053,1
model-1577483104,1577483144.851,0.66,0.2165,0.69,0.2003,1
model-1577483104,1577483144.91,0.75,0.1753,0.66,0.1999,1
model-1577483104,1577483144.972,0.64,0.2221,0.66,0.1978,1
model-1577483104,1577483145.032,0.75,0.1752,0.69,0.1965,1
model-1577483104,1577483145.094,0.68,0.2079,0.72,0.1985,1
model-1577483104,1577483145.154,0.69,0.2032,0.67,0.1962,1
model-1577483104,1577483145.216,0.59,0.2431,0.68,0.2043,1
model-1577483104,1577483145.276,0.63,0.2207,0.66,0.2062,1
model-1577483104,1577483145.339,0.71,0.2061,0.68,0.2137,1
model-1577483104,1577483145.399,0.71,0.2048,0.7,0.2204,1
model-1577483104,1577483145.461,0.64,0.2256,0.67,0.216,1
model-1577483104,1577483145.521,0.7,0.1827,0.71,0.1972,1
model-1577483104,1577483145.583,0.66,0.2094,0.69,0.193,1
model-1577483104,1577483145.643,0.62,0.2451,0.67,0.1973,1
model-1577483104,1577483145.705,0.52,0.262,0.68,0.1936,1
model-1577483104,1577483145.765,0.66,0.2016,0.71,0.1995,1
model-1577483104,1577483145.827,0.67,0.2037,0.65,0.2101,1
model-1577483104,1577483145.886,0.74,0.1992,0.63,0.2214,1
model-1577483104,1577483145.948,0.66,0.2045,0.6,0.2222,1
model-1577483104,1577483146.008,0.66,0.1987,0.62,0.2252,1
model-1577483104,1577483146.07,0.61,0.2295,0.62,0.2268,1
model-1577483104,1577483146.13,0.75,0.2056,0.61,0.2262,1
model-1577483104,1577483146.192,0.65,0.2241,0.66,0.2218,1
model-1577483104,1577483146.252,0.61,0.2337,0.7,0.216,1
model-1577483104,1577483146.314,0.68,0.2007,0.69,0.2108,1
model-1577483104,1577483146.374,0.66,0.2212,0.71,0.2084,1
model-1577483104,1577483146.436,0.68,0.2075,0.69,0.2054,1
model-1577483104,1577483146.496,0.75,0.1832,0.69,0.2031,1
model-1577483104,1577483146.558,0.7,0.2075,0.67,0.1991,1
model-1577483104,1577483146.618,0.77,0.1882,0.7,0.1937,1
model-1577483104,1577483146.68,0.79,0.1603,0.7,0.1885,1
model-1577483104,1577483146.741,0.73,0.1896,0.7,0.1862,1
model-1577483104,1577483146.802,0.68,0.2138,0.72,0.1841,1
model-1577483104,1577483146.862,0.72,0.1949,0.73,0.1867,1
model-1577483104,1577483146.925,0.71,0.2052,0.74,0.1805,1
model-1577483104,1577483146.985,0.71,0.1988,0.74,0.1808,1
model-1577483104,1577483147.048,0.64,0.2206,0.73,0.1866,1
model-1577483104,1577483147.108,0.71,0.187,0.7,0.1885,1
model-1577483104,1577483147.169,0.71,0.1919,0.69,0.2005,1
model-1577483104,1577483147.23,0.65,0.2042,0.69,0.1999,1
model-1577483104,1577483147.292,0.63,0.216,0.72,0.1938,1
model-1577483104,1577483147.352,0.69,0.1811,0.72,0.1916,1
model-1577483104,1577483147.414,0.7,0.2109,0.7,0.1936,1
model-1577483104,1577483147.474,0.71,0.2017,0.72,0.1899,1
model-1577483104,1577483147.536,0.69,0.2019,0.7,0.1893,1
model-1577483104,1577483147.596,0.73,0.1737,0.7,0.1944,1
model-1577483104,1577483147.658,0.62,0.2132,0.68,0.2086,1
model-1577483104,1577483147.719,0.75,0.1799,0.68,0.2195,1
model-1577483104,1577483147.781,0.69,0.1779,0.68,0.2177,1
model-1577483104,1577483147.841,0.69,0.2188,0.7,0.2025,1
model-1577483104,1577483147.903,0.76,0.1665,0.74,0.1856,1
model-1577483104,1577483147.964,0.67,0.1842,0.72,0.1842,1
model-1577483104,1577483148.026,0.7,0.1971,0.73,0.1898,1
model-1577483104,1577483148.086,0.75,0.1683,0.71,0.1918,1
model-1577483104,1577483148.149,0.68,0.2062,0.68,0.197,1
model-1577483104,1577483148.209,0.7,0.208,0.69,0.2018,1
model-1577483104,1577483148.272,0.69,0.202,0.7,0.1997,1
model-1577483104,1577483148.332,0.7,0.2023,0.73,0.1913,1
model-1577483104,1577483148.393,0.68,0.1983,0.73,0.1893,1
model-1577483104,1577483148.453,0.73,0.183,0.74,0.1894,1
model-1577483104,1577483148.515,0.68,0.2018,0.73,0.1899,1
model-1577483104,1577483148.575,0.76,0.179,0.73,0.191,1
model-1577483104,1577483148.637,0.68,0.2143,0.68,0.195,1
model-1577483104,1577483148.698,0.74,0.1862,0.7,0.2095,1
model-1577483104,1577483148.76,0.7,0.2058,0.68,0.2113,1
model-1577483104,1577483148.82,0.71,0.1944,0.7,0.1934,1
model-1577483104,1577483148.882,0.7,0.1843,0.71,0.1827,1
model-1577483104,1577483148.943,0.61,0.2331,0.7,0.1819,1
model-1577483104,1577483149.005,0.71,0.1813,0.7,0.183,1
model-1577483104,1577483149.065,0.71,0.1869,0.71,0.1897,1
model-1577483104,1577483149.128,0.74,0.1683,0.71,0.1979,1
model-1577483104,1577483149.188,0.61,0.2292,0.72,0.1987,1
model-1577483104,1577483149.25,0.69,0.1988,0.74,0.197,1
model-1577483104,1577483149.309,0.69,0.1869,0.72,0.1878,1
model-1577483104,1577483149.372,0.7,0.1925,0.7,0.1856,1
model-1577483104,1577483149.433,0.7,0.1924,0.7,0.1841,1
model-1577483104,1577483149.495,0.64,0.2161,0.7,0.1894,1
model-1577483104,1577483149.555,0.67,0.1958,0.7,0.1991,1
model-1577483104,1577483149.622,0.67,0.1842,0.7,0.1902,1
model-1577483104,1577483149.688,0.72,0.1823,0.7,0.186,1
model-1577483104,1577483149.756,0.69,0.1874,0.72,0.1885,1
model-1577483104,1577483149.816,0.73,0.196,0.72,0.189,1
model-1577483104,1577483149.879,0.67,0.1952,0.71,0.1885,1
model-1577483104,1577483149.939,0.75,0.172,0.71,0.186,1
model-1577483104,1577483150.0,0.74,0.1903,0.71,0.1883,1
model-1577483104,1577483150.06,0.73,0.1798,0.7,0.1958,1
model-1577483104,1577483150.122,0.76,0.1599,0.74,0.1994,1
model-1577483104,1577483150.183,0.73,0.1761,0.75,0.1905,1
model-1577483104,1577483150.245,0.64,0.2252,0.77,0.1694,1
model-1577483104,1577483150.305,0.75,0.1744,0.77,0.1614,1
model-1577483104,1577483150.348,0.69,0.2,0.75,0.1587,1
model-1577483104,1577483150.412,0.68,0.2022,0.75,0.1575,2
model-1577483104,1577483150.478,0.76,0.1674,0.74,0.156,2
model-1577483104,1577483150.541,0.72,0.1946,0.78,0.1611,2
model-1577483104,1577483150.601,0.64,0.2191,0.74,0.1827,2
model-1577483104,1577483150.664,0.76,0.1779,0.7,0.196,2
model-1577483104,1577483150.724,0.68,0.2047,0.68,0.1962,2
model-1577483104,1577483150.785,0.76,0.1511,0.76,0.1716,2
model-1577483104,1577483150.846,0.74,0.1858,0.77,0.158,2
model-1577483104,1577483150.908,0.62,0.2144,0.76,0.1582,2
model-1577483104,1577483150.968,0.73,0.1781,0.77,0.1589,2
model-1577483104,1577483151.03,0.75,0.1504,0.75,0.172,2
model-1577483104,1577483151.09,0.7,0.2093,0.73,0.1756,2
model-1577483104,1577483151.152,0.75,0.178,0.74,0.1631,2
model-1577483104,1577483151.213,0.76,0.1773,0.74,0.163,2
model-1577483104,1577483151.275,0.7,0.2169,0.72,0.1718,2
model-1577483104,1577483151.335,0.77,0.153,0.71,0.1862,2
model-1577483104,1577483151.398,0.67,0.2014,0.71,0.1954,2
model-1577483104,1577483151.458,0.69,0.2258,0.68,0.2027,2
model-1577483104,1577483151.521,0.77,0.1424,0.72,0.1817,2
model-1577483104,1577483151.582,0.75,0.1781,0.76,0.165,2
model-1577483104,1577483151.646,0.76,0.1797,0.78,0.1608,2
model-1577483104,1577483151.711,0.76,0.1746,0.77,0.1625,2
model-1577483104,1577483151.776,0.69,0.2154,0.78,0.1641,2
model-1577483104,1577483151.836,0.71,0.1977,0.73,0.1853,2
model-1577483104,1577483151.899,0.77,0.176,0.69,0.2082,2
model-1577483104,1577483151.959,0.72,0.1775,0.7,0.1996,2
model-1577483104,1577483152.021,0.74,0.1886,0.75,0.1651,2
model-1577483104,1577483152.081,0.74,0.1832,0.68,0.1918,2
model-1577483104,1577483152.144,0.66,0.2194,0.67,0.2091,2
model-1577483104,1577483152.204,0.64,0.226,0.71,0.1905,2
model-1577483104,1577483152.266,0.69,0.2095,0.73,0.1738,2
model-1577483104,1577483152.327,0.69,0.2042,0.73,0.1887,2
model-1577483104,1577483152.392,0.67,0.2122,0.69,0.2056,2
model-1577483104,1577483152.458,0.71,0.1957,0.69,0.2114,2
model-1577483104,1577483152.525,0.64,0.2016,0.69,0.2011,2
model-1577483104,1577483152.591,0.77,0.1754,0.66,0.1937,2
model-1577483104,1577483152.66,0.77,0.1763,0.71,0.1971,2
model-1577483104,1577483152.726,0.7,0.2155,0.7,0.1939,2
model-1577483104,1577483152.791,0.68,0.2038,0.74,0.185,2
model-1577483104,1577483152.851,0.7,0.195,0.73,0.183,2
model-1577483104,1577483152.914,0.71,0.199,0.72,0.1934,2
model-1577483104,1577483152.975,0.72,0.1812,0.67,0.2024,2
model-1577483104,1577483153.036,0.75,0.172,0.68,0.1988,2
model-1577483104,1577483153.096,0.67,0.1961,0.74,0.184,2
model-1577483104,1577483153.158,0.73,0.1783,0.76,0.171,2
model-1577483104,1577483153.218,0.74,0.18,0.7,0.1778,2
model-1577483104,1577483153.284,0.75,0.1817,0.67,0.1855,2
model-1577483104,1577483153.348,0.68,0.1923,0.67,0.1839,2
model-1577483104,1577483153.416,0.77,0.17,0.7,0.1812,2
model-1577483104,1577483153.481,0.6,0.224,0.75,0.1792,2
model-1577483104,1577483153.545,0.69,0.2033,0.75,0.1841,2
model-1577483104,1577483153.606,0.69,0.1827,0.73,0.1948,2
model-1577483104,1577483153.669,0.69,0.2012,0.69,0.2073,2
model-1577483104,1577483153.73,0.79,0.1534,0.68,0.2051,2
model-1577483104,1577483153.795,0.8,0.1892,0.69,0.1967,2
model-1577483104,1577483153.86,0.79,0.1763,0.72,0.1969,2
model-1577483104,1577483153.928,0.74,0.1881,0.73,0.1917,2
model-1577483104,1577483153.993,0.77,0.1713,0.74,0.1924,2
model-1577483104,1577483154.062,0.72,0.169,0.76,0.1818,2
model-1577483104,1577483154.127,0.8,0.1576,0.74,0.1737,2
model-1577483104,1577483154.197,0.73,0.1871,0.75,0.1675,2
model-1577483104,1577483154.262,0.74,0.1712,0.77,0.1674,2
model-1577483104,1577483154.329,0.75,0.1569,0.74,0.1734,2
model-1577483104,1577483154.394,0.78,0.1508,0.72,0.1974,2
model-1577483104,1577483154.458,0.81,0.1554,0.67,0.2099,2
model-1577483104,1577483154.518,0.68,0.2152,0.73,0.1975,2
model-1577483104,1577483154.58,0.64,0.2172,0.7,0.1784,2
model-1577483104,1577483154.64,0.7,0.1883,0.72,0.1784,2
model-1577483104,1577483154.703,0.64,0.2076,0.72,0.1833,2
model-1577483104,1577483154.763,0.72,0.1815,0.72,0.1854,2
model-1577483104,1577483154.825,0.67,0.2098,0.72,0.1876,2
model-1577483104,1577483154.885,0.75,0.1887,0.71,0.1973,2
model-1577483104,1577483154.948,0.72,0.1771,0.72,0.2062,2
model-1577483104,1577483155.008,0.79,0.1762,0.69,0.214,2
model-1577483104,1577483155.069,0.66,0.2277,0.69,0.2115,2
model-1577483104,1577483155.131,0.65,0.2281,0.72,0.1931,2
model-1577483104,1577483155.193,0.72,0.1879,0.74,0.1805,2
model-1577483104,1577483155.252,0.77,0.1665,0.76,0.1765,2
model-1577483104,1577483155.315,0.71,0.1887,0.7,0.1759,2
model-1577483104,1577483155.375,0.71,0.1934,0.76,0.174,2
model-1577483104,1577483155.438,0.77,0.1734,0.78,0.1739,2
model-1577483104,1577483155.498,0.66,0.2022,0.74,0.181,2
model-1577483104,1577483155.561,0.74,0.1826,0.74,0.1843,2
model-1577483104,1577483155.639,0.72,0.1835,0.75,0.1849,2
model-1577483104,1577483155.711,0.7,0.1796,0.76,0.1852,2
model-1577483104,1577483155.778,0.76,0.1601,0.74,0.1866,2
model-1577483104,1577483155.843,0.73,0.1883,0.74,0.1878,2
model-1577483104,1577483155.907,0.73,0.1806,0.74,0.1862,2
model-1577483104,1577483155.973,0.73,0.1871,0.75,0.1762,2
model-1577483104,1577483156.041,0.77,0.1517,0.72,0.169,2
model-1577483104,1577483156.11,0.74,0.1714,0.73,0.1664,2
model-1577483104,1577483156.177,0.74,0.1914,0.71,0.1671,2
model-1577483104,1577483156.245,0.76,0.1607,0.72,0.1702,2
model-1577483104,1577483156.31,0.73,0.1738,0.72,0.1782,2
model-1577483104,1577483156.376,0.79,0.16,0.72,0.1994,2
model-1577483104,1577483156.439,0.76,0.1512,0.72,0.1956,2
model-1577483104,1577483156.501,0.67,0.2087,0.74,0.1762,2
model-1577483104,1577483156.561,0.72,0.181,0.76,0.1708,2
model-1577483104,1577483156.624,0.77,0.1517,0.76,0.1707,2
model-1577483104,1577483156.684,0.72,0.1713,0.75,0.168,2
model-1577483104,1577483156.747,0.75,0.1499,0.77,0.1624,2
model-1577483104,1577483156.807,0.78,0.1604,0.77,0.1616,2
model-1577483104,1577483156.868,0.72,0.1778,0.76,0.1541,2
model-1577483104,1577483156.928,0.77,0.172,0.75,0.1555,2
model-1577483104,1577483156.991,0.77,0.181,0.74,0.1555,2
model-1577483104,1577483157.051,0.75,0.1784,0.76,0.1588,2
model-1577483104,1577483157.113,0.74,0.1639,0.74,0.1787,2
model-1577483104,1577483157.173,0.72,0.1769,0.7,0.2037,2
model-1577483104,1577483157.235,0.75,0.1843,0.71,0.2052,2
model-1577483104,1577483157.295,0.71,0.1808,0.73,0.1874,2
model-1577483104,1577483157.356,0.71,0.2016,0.69,0.1682,2
model-1577483104,1577483157.416,0.7,0.1691,0.74,0.1605,2
model-1577483104,1577483157.479,0.75,0.1774,0.78,0.1625,2
model-1577483104,1577483157.538,0.63,0.2066,0.77,0.1629,2
model-1577483104,1577483157.6,0.71,0.203,0.74,0.1646,2
model-1577483104,1577483157.661,0.76,0.1784,0.71,0.1706,2
model-1577483104,1577483157.727,0.67,0.1927,0.68,0.1844,2
model-1577483104,1577483157.794,0.83,0.1502,0.66,0.2085,2
model-1577483104,1577483157.86,0.76,0.1596,0.64,0.2219,2
model-1577483104,1577483157.926,0.63,0.2108,0.67,0.2061,2
model-1577483104,1577483157.992,0.7,0.1798,0.69,0.1855,2
model-1577483104,1577483158.057,0.76,0.1746,0.69,0.1758,2
model-1577483104,1577483158.12,0.7,0.2123,0.71,0.1738,2
model-1577483104,1577483158.18,0.79,0.1755,0.79,0.1703,2
model-1577483104,1577483158.242,0.71,0.1844,0.79,0.1696,2
model-1577483104,1577483158.302,0.79,0.1488,0.76,0.1692,2
model-1577483104,1577483158.364,0.76,0.1561,0.77,0.1726,2
model-1577483104,1577483158.438,0.72,0.187,0.7,0.1802,2
model-1577483104,1577483158.514,0.76,0.1768,0.7,0.187,2
model-1577483104,1577483158.579,0.84,0.1324,0.68,0.1888,2
model-1577483104,1577483158.646,0.82,0.1577,0.72,0.1816,2
model-1577483104,1577483158.706,0.74,0.1726,0.74,0.1789,2
model-1577483104,1577483158.769,0.76,0.182,0.74,0.1772,2
model-1577483104,1577483158.828,0.68,0.2205,0.77,0.1696,2
model-1577483104,1577483158.89,0.71,0.184,0.76,0.1655,2
model-1577483104,1577483158.95,0.79,0.1538,0.73,0.1664,2
model-1577483104,1577483159.013,0.72,0.2045,0.76,0.1649,2
model-1577483104,1577483159.073,0.79,0.1566,0.77,0.1632,2
model-1577483104,1577483159.135,0.69,0.1956,0.73,0.1684,2
model-1577483104,1577483159.195,0.76,0.1682,0.75,0.1726,2
model-1577483104,1577483159.258,0.62,0.2292,0.73,0.179,2
model-1577483104,1577483159.318,0.69,0.1874,0.73,0.182,2
model-1577483104,1577483159.381,0.74,0.1712,0.72,0.1834,2
model-1577483104,1577483159.441,0.74,0.1703,0.73,0.1815,2
model-1577483104,1577483159.503,0.68,0.2134,0.73,0.1769,2
model-1577483104,1577483159.563,0.73,0.1719,0.73,0.1703,2
model-1577483104,1577483159.625,0.68,0.2004,0.78,0.1599,2
model-1577483104,1577483159.686,0.74,0.1785,0.81,0.1526,2
model-1577483104,1577483159.748,0.69,0.2005,0.8,0.1539,2
model-1577483104,1577483159.808,0.77,0.1656,0.79,0.1538,2
model-1577483104,1577483159.87,0.74,0.17,0.8,0.1552,2
model-1577483104,1577483159.931,0.74,0.1856,0.76,0.1618,2
model-1577483104,1577483159.993,0.76,0.1645,0.74,0.167,2
model-1577483104,1577483160.053,0.74,0.1797,0.73,0.1736,2
model-1577483104,1577483160.115,0.68,0.208,0.74,0.1763,2
model-1577483104,1577483160.175,0.75,0.1714,0.73,0.1776,2
model-1577483104,1577483160.238,0.71,0.1811,0.74,0.1759,2
model-1577483104,1577483160.298,0.68,0.2039,0.77,0.1717,2
model-1577483104,1577483160.36,0.77,0.1796,0.79,0.1677,2
model-1577483104,1577483160.42,0.7,0.2065,0.77,0.167,2
model-1577483104,1577483160.482,0.72,0.1747,0.79,0.1662,2
model-1577483104,1577483160.544,0.74,0.1643,0.76,0.1722,2
model-1577483104,1577483160.611,0.77,0.1669,0.75,0.1745,2
model-1577483104,1577483160.677,0.76,0.1643,0.75,0.1703,2
model-1577483104,1577483160.746,0.84,0.1287,0.79,0.1573,2
model-1577483104,1577483160.812,0.8,0.1516,0.77,0.1529,2
model-1577483104,1577483160.874,0.71,0.1928,0.8,0.1514,2
model-1577483104,1577483160.935,0.78,0.1842,0.79,0.1489,2
model-1577483104,1577483160.997,0.73,0.1663,0.81,0.1472,2
model-1577483104,1577483161.058,0.73,0.1732,0.8,0.1509,2
model-1577483104,1577483161.119,0.69,0.1832,0.74,0.1687,2
model-1577483104,1577483161.18,0.77,0.1641,0.72,0.1703,2
model-1577483104,1577483161.243,0.74,0.167,0.72,0.1761,2
model-1577483104,1577483161.303,0.74,0.1883,0.73,0.1718,2
model-1577483104,1577483161.365,0.71,0.1901,0.76,0.1615,2
model-1577483104,1577483161.425,0.79,0.1657,0.76,0.1582,2
model-1577483104,1577483161.487,0.71,0.1992,0.78,0.1572,2
model-1577483104,1577483161.547,0.72,0.1738,0.78,0.1551,2
model-1577483104,1577483161.61,0.69,0.184,0.73,0.1617,2
model-1577483104,1577483161.671,0.74,0.169,0.73,0.173,2
model-1577483104,1577483161.734,0.72,0.1849,0.69,0.1894,2
model-1577483104,1577483161.794,0.77,0.1657,0.69,0.1931,2
model-1577483104,1577483161.857,0.75,0.157,0.72,0.1814,2
model-1577483104,1577483161.917,0.73,0.1988,0.74,0.17,2
model-1577483104,1577483161.979,0.79,0.1499,0.75,0.1588,2
model-1577483104,1577483162.039,0.76,0.1562,0.75,0.1624,2
model-1577483104,1577483162.101,0.8,0.1702,0.74,0.17,2
model-1577483104,1577483162.161,0.8,0.1434,0.73,0.1748,2
model-1577483104,1577483162.225,0.76,0.1841,0.72,0.1811,2
model-1577483104,1577483162.285,0.71,0.1877,0.73,0.1827,2
model-1577483104,1577483162.347,0.72,0.1833,0.76,0.1756,2
model-1577483104,1577483162.407,0.74,0.178,0.75,0.1644,2
model-1577483104,1577483162.47,0.75,0.1852,0.73,0.1609,2
model-1577483104,1577483162.53,0.73,0.1638,0.73,0.1625,2
model-1577483104,1577483162.592,0.77,0.1712,0.73,0.1654,2
model-1577483104,1577483162.652,0.8,0.1427,0.74,0.17,2
model-1577483104,1577483162.715,0.74,0.1868,0.75,0.1745,2
model-1577483104,1577483162.775,0.8,0.1578,0.7,0.1904,2
model-1577483104,1577483162.837,0.72,0.1791,0.74,0.1814,2
model-1577483104,1577483162.897,0.7,0.1656,0.77,0.1628,2
model-1577483104,1577483162.96,0.77,0.1598,0.75,0.159,2
model-1577483104,1577483163.019,0.65,0.2222,0.75,0.159,2
model-1577483104,1577483163.081,0.69,0.1783,0.76,0.1596,2
model-1577483104,1577483163.142,0.74,0.1717,0.74,0.1659,2
model-1577483104,1577483163.204,0.79,0.1587,0.75,0.1801,2
model-1577483104,1577483163.264,0.68,0.2043,0.71,0.1916,2
model-1577483104,1577483163.327,0.78,0.1672,0.72,0.1872,2
model-1577483104,1577483163.387,0.71,0.1717,0.71,0.1694,2
model-1577483104,1577483163.449,0.77,0.1627,0.71,0.1655,2
model-1577483104,1577483163.509,0.77,0.1667,0.74,0.166,2
model-1577483104,1577483163.572,0.69,0.203,0.69,0.1678,2
model-1577483104,1577483163.632,0.79,0.1632,0.7,0.1758,2
model-1577483104,1577483163.695,0.76,0.1677,0.69,0.1746,2
model-1577483104,1577483163.755,0.79,0.1395,0.7,0.1752,2
model-1577483104,1577483163.816,0.77,0.169,0.69,0.1754,2
model-1577483104,1577483163.877,0.73,0.1828,0.7,0.1695,2
model-1577483104,1577483163.939,0.76,0.1659,0.75,0.1661,2
model-1577483104,1577483163.999,0.78,0.1537,0.73,0.1681,2
model-1577483104,1577483164.061,0.71,0.1849,0.74,0.1678,2
model-1577483104,1577483164.121,0.74,0.1727,0.75,0.1713,2
model-1577483104,1577483164.183,0.82,0.1292,0.74,0.1804,2
model-1577483104,1577483164.244,0.75,0.1605,0.74,0.1876,2
model-1577483104,1577483164.306,0.72,0.1873,0.76,0.175,2
model-1577483104,1577483164.367,0.81,0.1428,0.77,0.1561,2
model-1577483104,1577483164.411,0.75,0.1829,0.79,0.1452,2
